<?xml version="1.0" encoding="UTF-8"?>
<testsuite name="com.example.assignment2.advertisement.application.ExternalAPIServiceTest" tests="1" skipped="0" failures="0" errors="0" timestamp="2023-03-06T04:35:49" hostname="DESKTOP-8HUJJQR" time="0.205">
  <properties/>
  <testcase name="getAdCampaignIds()" classname="com.example.assignment2.advertisement.application.ExternalAPIServiceTest" time="0.205"/>
  <system-out><![CDATA[2023-03-06T13:35:49.034+09:00  INFO 15344 --- [    Test worker] t.c.s.AnnotationConfigContextLoaderUtils : Could not detect default configuration classes for test class [com.example.assignment2.advertisement.application.ExternalAPIServiceTest]: ExternalAPIServiceTest does not declare any static, non-private, non-final, nested classes annotated with @Configuration.
2023-03-06T13:35:49.042+09:00  INFO 15344 --- [    Test worker] .b.t.c.SpringBootTestContextBootstrapper : Found @SpringBootConfiguration com.example.assignment2.Assignment2Application for test class com.example.assignment2.advertisement.application.ExternalAPIServiceTest
Hibernate: 
    select
        a1_0.id,
        a1_0.image_url,
        a1_0.landing_url,
        a1_0.name,
        a1_0.reward,
        a1_0.target_country,
        a1_0.target_gender,
        a1_0.weight 
    from
        advertisement a1_0 
    where
        a1_0.target_gender=? 
        and a1_0.target_country=?
]]></system-out>
  <system-err><![CDATA[]]></system-err>
</testsuite>
